<?xml version="1.0" encoding="UTF-8"?>
<!DOCTYPE properties SYSTEM "http://java.sun.com/dtd/properties.dtd">
<properties version="1.0">
    <comment>Sample test run arguments</comment>
    <entry key="iut">https://raw.githubusercontent.com/opengeospatial/ets-eo-geojson10/main/src/test/resources/example-1-seasat.json</entry>
    <entry key="col">https://raw.githubusercontent.com/opengeospatial/ets-eo-geojson10/main/src/test/resources/example-1-seasat-collection.json</entry>
</properties>
